{"C:\\Users\\lewis\\Documents\\GitHub\\ExpressJS\\app\\app.js": {"path":"C:\\Users\\lewis\\Documents\\GitHub\\ExpressJS\\app\\app.js","statementMap":{"0":{"start":{"line":1,"column":0},"end":{"line":8,"column":1}},"1":{"start":{"line":2,"column":19},"end":{"line":2,"column":38}},"2":{"start":{"line":4,"column":2},"end":{"line":4,"column":47}},"3":{"start":{"line":5,"column":29},"end":{"line":5,"column":48}},"4":{"start":{"line":7,"column":2},"end":{"line":7,"column":91}},"5":{"start":{"line":10,"column":0},"end":{"line":27,"column":1}},"6":{"start":{"line":11,"column":23},"end":{"line":11,"column":47}},"7":{"start":{"line":12,"column":28},"end":{"line":12,"column":54}},"8":{"start":{"line":13,"column":20},"end":{"line":13,"column":49}},"9":{"start":{"line":15,"column":18},"end":{"line":18,"column":3}},"10":{"start":{"line":20,"column":22},"end":{"line":20,"column":43}},"11":{"start":{"line":22,"column":2},"end":{"line":26,"column":4}},"12":{"start":{"line":29,"column":0},"end":{"line":33,"column":1}},"13":{"start":{"line":30,"column":21},"end":{"line":30,"column":43}},"14":{"start":{"line":32,"column":2},"end":{"line":32,"column":29}},"15":{"start":{"line":35,"column":0},"end":{"line":45,"column":1}},"16":{"start":{"line":36,"column":26},"end":{"line":36,"column":79}},"17":{"start":{"line":38,"column":25},"end":{"line":40,"column":3}},"18":{"start":{"line":42,"column":2},"end":{"line":44,"column":5}},"19":{"start":{"line":43,"column":4},"end":{"line":43,"column":36}},"20":{"start":{"line":47,"column":0},"end":{"line":52,"column":1}},"21":{"start":{"line":48,"column":2},"end":{"line":48,"column":37}},"22":{"start":{"line":49,"column":2},"end":{"line":49,"column":37}},"23":{"start":{"line":50,"column":2},"end":{"line":50,"column":33}},"24":{"start":{"line":51,"column":2},"end":{"line":51,"column":31}},"25":{"start":{"line":54,"column":0},"end":{"line":58,"column":1}},"26":{"start":{"line":55,"column":2},"end":{"line":57,"column":5}},"27":{"start":{"line":56,"column":4},"end":{"line":56,"column":95}},"28":{"start":{"line":60,"column":0},"end":{"line":60,"column":35}}},"fnMap":{"0":{"name":"(anonymous_0)","decl":{"start":{"line":1,"column":29},"end":{"line":1,"column":30}},"loc":{"start":{"line":1,"column":35},"end":{"line":8,"column":1}},"line":1},"1":{"name":"(anonymous_1)","decl":{"start":{"line":10,"column":28},"end":{"line":10,"column":29}},"loc":{"start":{"line":10,"column":37},"end":{"line":27,"column":1}},"line":10},"2":{"name":"(anonymous_2)","decl":{"start":{"line":29,"column":32},"end":{"line":29,"column":33}},"loc":{"start":{"line":29,"column":41},"end":{"line":33,"column":1}},"line":29},"3":{"name":"(anonymous_3)","decl":{"start":{"line":35,"column":32},"end":{"line":35,"column":33}},"loc":{"start":{"line":35,"column":41},"end":{"line":45,"column":1}},"line":35},"4":{"name":"(anonymous_4)","decl":{"start":{"line":42,"column":25},"end":{"line":42,"column":26}},"loc":{"start":{"line":42,"column":41},"end":{"line":44,"column":3}},"line":42},"5":{"name":"(anonymous_5)","decl":{"start":{"line":47,"column":24},"end":{"line":47,"column":25}},"loc":{"start":{"line":47,"column":33},"end":{"line":52,"column":1}},"line":47},"6":{"name":"(anonymous_6)","decl":{"start":{"line":54,"column":17},"end":{"line":54,"column":18}},"loc":{"start":{"line":54,"column":26},"end":{"line":58,"column":1}},"line":54},"7":{"name":"(anonymous_7)","decl":{"start":{"line":55,"column":39},"end":{"line":55,"column":40}},"loc":{"start":{"line":55,"column":45},"end":{"line":57,"column":3}},"line":55}},"branchMap":{},"s":{"0":1,"1":0,"2":0,"3":0,"4":0,"5":1,"6":0,"7":0,"8":0,"9":0,"10":0,"11":0,"12":1,"13":1,"14":1,"15":1,"16":1,"17":1,"18":1,"19":1,"20":1,"21":0,"22":0,"23":0,"24":0,"25":1,"26":0,"27":0,"28":1},"f":{"0":0,"1":0,"2":1,"3":1,"4":1,"5":0,"6":0,"7":0},"b":{},"_coverageSchema":"1a1c01bbd47fc00a2c39e90264f33305004495a9","hash":"f2b9f2a928bbcf1f0a8ef490486562597c618970"}
,"C:\\Users\\lewis\\Documents\\GitHub\\ExpressJS\\app\\api\\controllers\\tests\\testsController.js": {"path":"C:\\Users\\lewis\\Documents\\GitHub\\ExpressJS\\app\\api\\controllers\\tests\\testsController.js","statementMap":{"0":{"start":{"line":1,"column":16},"end":{"line":1,"column":34}},"1":{"start":{"line":2,"column":24},"end":{"line":2,"column":98}},"2":{"start":{"line":3,"column":27},"end":{"line":3,"column":104}},"3":{"start":{"line":4,"column":24},"end":{"line":4,"column":98}},"4":{"start":{"line":5,"column":24},"end":{"line":5,"column":99}},"5":{"start":{"line":6,"column":26},"end":{"line":6,"column":103}},"6":{"start":{"line":8,"column":0},"end":{"line":47,"column":1}},"7":{"start":{"line":10,"column":8},"end":{"line":10,"column":50}},"8":{"start":{"line":11,"column":8},"end":{"line":11,"column":39}},"9":{"start":{"line":12,"column":8},"end":{"line":12,"column":31}},"10":{"start":{"line":16,"column":8},"end":{"line":16,"column":59}},"11":{"start":{"line":17,"column":8},"end":{"line":17,"column":58}},"12":{"start":{"line":18,"column":8},"end":{"line":18,"column":59}},"13":{"start":{"line":19,"column":8},"end":{"line":19,"column":65}},"14":{"start":{"line":20,"column":8},"end":{"line":20,"column":51}},"15":{"start":{"line":24,"column":23},"end":{"line":24,"column":66}},"16":{"start":{"line":25,"column":8},"end":{"line":25,"column":42}},"17":{"start":{"line":29,"column":23},"end":{"line":29,"column":63}},"18":{"start":{"line":30,"column":8},"end":{"line":30,"column":42}},"19":{"start":{"line":34,"column":8},"end":{"line":34,"column":49}},"20":{"start":{"line":35,"column":8},"end":{"line":35,"column":36}},"21":{"start":{"line":39,"column":8},"end":{"line":39,"column":51}},"22":{"start":{"line":40,"column":8},"end":{"line":40,"column":36}},"23":{"start":{"line":44,"column":20},"end":{"line":44,"column":60}},"24":{"start":{"line":45,"column":8},"end":{"line":45,"column":38}}},"fnMap":{"0":{"name":"(anonymous_0)","decl":{"start":{"line":9,"column":4},"end":{"line":9,"column":5}},"loc":{"start":{"line":9,"column":18},"end":{"line":13,"column":5}},"line":9},"1":{"name":"(anonymous_1)","decl":{"start":{"line":15,"column":4},"end":{"line":15,"column":5}},"loc":{"start":{"line":15,"column":21},"end":{"line":21,"column":5}},"line":15},"2":{"name":"(anonymous_2)","decl":{"start":{"line":23,"column":4},"end":{"line":23,"column":5}},"loc":{"start":{"line":23,"column":40},"end":{"line":26,"column":5}},"line":23},"3":{"name":"(anonymous_3)","decl":{"start":{"line":28,"column":4},"end":{"line":28,"column":5}},"loc":{"start":{"line":28,"column":36},"end":{"line":31,"column":5}},"line":28},"4":{"name":"(anonymous_4)","decl":{"start":{"line":33,"column":4},"end":{"line":33,"column":5}},"loc":{"start":{"line":33,"column":36},"end":{"line":36,"column":5}},"line":33},"5":{"name":"(anonymous_5)","decl":{"start":{"line":38,"column":4},"end":{"line":38,"column":5}},"loc":{"start":{"line":38,"column":39},"end":{"line":41,"column":5}},"line":38},"6":{"name":"(anonymous_6)","decl":{"start":{"line":43,"column":4},"end":{"line":43,"column":5}},"loc":{"start":{"line":43,"column":37},"end":{"line":46,"column":5}},"line":43}},"branchMap":{},"s":{"0":1,"1":1,"2":1,"3":1,"4":1,"5":1,"6":1,"7":1,"8":1,"9":1,"10":1,"11":1,"12":1,"13":1,"14":1,"15":1,"16":1,"17":1,"18":1,"19":1,"20":1,"21":1,"22":1,"23":1,"24":1},"f":{"0":1,"1":1,"2":1,"3":1,"4":1,"5":1,"6":1},"b":{},"_coverageSchema":"1a1c01bbd47fc00a2c39e90264f33305004495a9","hash":"dcddca3b49afdd74fd813d0598ca37d363c4d259"}
}
