TN:
SF:app\app.js
FN:1,(anonymous_0)
FN:10,(anonymous_1)
FN:29,(anonymous_2)
FN:35,(anonymous_3)
FN:42,(anonymous_4)
FN:47,(anonymous_5)
FN:54,(anonymous_6)
FN:55,(anonymous_7)
FNF:8
FNH:3
FNDA:0,(anonymous_0)
FNDA:0,(anonymous_1)
FNDA:1,(anonymous_2)
FNDA:1,(anonymous_3)
FNDA:1,(anonymous_4)
FNDA:0,(anonymous_5)
FNDA:0,(anonymous_6)
FNDA:0,(anonymous_7)
DA:1,1
DA:2,0
DA:4,0
DA:5,0
DA:7,0
DA:10,1
DA:11,0
DA:12,0
DA:13,0
DA:15,0
DA:20,0
DA:22,0
DA:29,1
DA:30,1
DA:32,1
DA:35,1
DA:36,1
DA:38,1
DA:42,1
DA:43,1
DA:47,1
DA:48,0
DA:49,0
DA:50,0
DA:51,0
DA:54,1
DA:55,0
DA:56,0
DA:60,1
LF:29
LH:13
BRF:0
BRH:0
end_of_record
TN:
SF:app\api\controllers\tests\testsController.js
FN:9,(anonymous_0)
FN:15,(anonymous_1)
FN:23,(anonymous_2)
FN:28,(anonymous_3)
FN:33,(anonymous_4)
FN:38,(anonymous_5)
FN:43,(anonymous_6)
FNF:7
FNH:7
FNDA:1,(anonymous_0)
FNDA:1,(anonymous_1)
FNDA:1,(anonymous_2)
FNDA:1,(anonymous_3)
FNDA:1,(anonymous_4)
FNDA:1,(anonymous_5)
FNDA:1,(anonymous_6)
DA:1,1
DA:2,1
DA:3,1
DA:4,1
DA:5,1
DA:6,1
DA:8,1
DA:10,1
DA:11,1
DA:12,1
DA:16,1
DA:17,1
DA:18,1
DA:19,1
DA:20,1
DA:24,1
DA:25,1
DA:29,1
DA:30,1
DA:34,1
DA:35,1
DA:39,1
DA:40,1
DA:44,1
DA:45,1
LF:25
LH:25
BRF:0
BRH:0
end_of_record
